<?xml version="1.0" encoding="UTF-8"?>
<!-- Generated by org.testng.reporters.JUnitReportReporter -->
<testsuite hostname="LAPTOP-CVR9HVBP" failures="0" tests="5" name="practise.NewTest" time="117.799" errors="0" timestamp="2020-03-22T15:34:44 IST" skipped="0">
  <testcase classname="practise.NewTest" name="f3" time="20.836"/>
  <system-out/>
  <testcase classname="practise.NewTest" name="f1" time="25.748"/>
  <system-out/>
  <testcase classname="practise.NewTest" name="f2" time="24.947"/>
  <system-out/>
  <testcase classname="practise.NewTest" name="f5" time="25.404"/>
  <system-out/>
  <testcase classname="practise.NewTest" name="f4" time="20.864"/>
  <system-out/>
</testsuite> <!-- practise.NewTest -->
