<?xml version="1.0" encoding="UTF-8"?>
<!-- Generated by org.testng.reporters.JUnitReportReporter -->
<testsuite hostname="LAPTOP-CVR9HVBP" failures="0" tests="1" name="TESTCASES.chrome" time="122.400" errors="0" timestamp="2020-03-25T10:10:25 IST" skipped="0">
  <testcase classname="TESTCASES.chrome" name="f" time="122.400"/>
  <system-out/>
</testsuite> <!-- TESTCASES.chrome -->
