<?xml version="1.0" encoding="UTF-8"?>
<!-- Generated by org.testng.reporters.JUnitReportReporter -->
<testsuite hostname="LAPTOP-CVR9HVBP" failures="0" tests="7" name="TESTCASES.test_chrome" time="164.285" errors="0" timestamp="2020-03-28T16:13:52 IST" skipped="0">
  <testcase classname="TESTCASES.test_chrome" name="login_test" time="31.989"/>
  <system-out/>
  <testcase classname="TESTCASES.test_chrome" name="search_test1" time="18.052"/>
  <system-out/>
  <testcase classname="TESTCASES.test_chrome" name="search_test1" time="20.884"/>
  <system-out/>
  <testcase classname="TESTCASES.test_chrome" name="search_test1" time="21.094"/>
  <system-out/>
  <testcase classname="TESTCASES.test_chrome" name="serch_test" time="20.947"/>
  <system-out/>
  <testcase classname="TESTCASES.test_chrome" name="serch_test" time="28.503"/>
  <system-out/>
  <testcase classname="TESTCASES.test_chrome" name="serch_test" time="22.816"/>
  <system-out/>
</testsuite> <!-- TESTCASES.test_chrome -->
