<?xml version="1.0" encoding="UTF-8"?>
<!-- Generated by org.testng.reporters.JUnitReportReporter -->
<testsuite hostname="LAPTOP-CVR9HVBP" failures="0" tests="5" name="TESTCASES.test_chrome" time="195.750" errors="0" timestamp="2020-03-25T21:10:51 IST" skipped="0">
  <testcase classname="TESTCASES.test_chrome" name="f" time="34.859"/>
  <system-out/>
  <testcase classname="TESTCASES.test_chrome" name="f" time="35.066"/>
  <system-out/>
  <testcase classname="TESTCASES.test_chrome" name="f" time="45.527"/>
  <system-out/>
  <testcase classname="TESTCASES.test_chrome" name="f" time="47.670"/>
  <system-out/>
  <testcase classname="TESTCASES.test_chrome" name="f" time="32.628"/>
  <system-out/>
</testsuite> <!-- TESTCASES.test_chrome -->
