<?xml version="1.0" encoding="UTF-8"?>
<!-- Generated by org.testng.reporters.JUnitReportReporter -->
<testsuite hostname="LAPTOP-CVR9HVBP" failures="0" tests="5" name="TESTCASES.test_firefox" time="234.452" errors="0" timestamp="2020-03-25T21:10:51 IST" skipped="0">
  <testcase classname="TESTCASES.test_firefox" name="f" time="36.943"/>
  <system-out/>
  <testcase classname="TESTCASES.test_firefox" name="f" time="40.340"/>
  <system-out/>
  <testcase classname="TESTCASES.test_firefox" name="f" time="81.266"/>
  <system-out/>
  <testcase classname="TESTCASES.test_firefox" name="f" time="36.048"/>
  <system-out/>
  <testcase classname="TESTCASES.test_firefox" name="f" time="39.855"/>
  <system-out/>
</testsuite> <!-- TESTCASES.test_firefox -->
