<?xml version="1.0" encoding="UTF-8"?>
<!-- Generated by org.testng.reporters.JUnitReportReporter -->
<testsuite hostname="LAPTOP-CVR9HVBP" failures="0" tests="7" name="TESTCASES.Test1" time="205.354" errors="0" timestamp="2020-03-28T17:07:28 IST" skipped="0">
  <testcase classname="TESTCASES.Test1" name="login_test" time="31.107"/>
  <system-out/>
  <testcase classname="TESTCASES.Test1" name="search_test_parameter" time="32.330"/>
  <system-out/>
  <testcase classname="TESTCASES.Test1" name="search_test_parameter" time="34.763"/>
  <system-out/>
  <testcase classname="TESTCASES.Test1" name="search_test_parameter" time="29.098"/>
  <system-out/>
  <testcase classname="TESTCASES.Test1" name="serch_test_project" time="23.006"/>
  <system-out/>
  <testcase classname="TESTCASES.Test1" name="serch_test_project" time="30.117"/>
  <system-out/>
  <testcase classname="TESTCASES.Test1" name="serch_test_project" time="24.933"/>
  <system-out/>
</testsuite> <!-- TESTCASES.Test1 -->
