<?xml version="1.0" encoding="UTF-8"?>
<!-- Generated by org.testng.reporters.JUnitReportReporter -->
<testsuite hostname="LAPTOP-CVR9HVBP" failures="0" tests="7" name="TESTCASES.Test2" time="278.601" errors="0" timestamp="2020-03-28T17:07:28 IST" skipped="0">
  <testcase classname="TESTCASES.Test2" name="login_test" time="35.344"/>
  <system-out/>
  <testcase classname="TESTCASES.Test2" name="search_test_parameter" time="32.884"/>
  <system-out/>
  <testcase classname="TESTCASES.Test2" name="search_test_parameter" time="29.698"/>
  <system-out/>
  <testcase classname="TESTCASES.Test2" name="search_test_parameter" time="73.941"/>
  <system-out/>
  <testcase classname="TESTCASES.Test2" name="serch_test_project" time="37.412"/>
  <system-out/>
  <testcase classname="TESTCASES.Test2" name="serch_test_project" time="33.366"/>
  <system-out/>
  <testcase classname="TESTCASES.Test2" name="serch_test_project" time="35.956"/>
  <system-out/>
</testsuite> <!-- TESTCASES.Test2 -->
